test
[2026-04-18 19:50:00] 選択: Jay-Z / Kingdom Come [UICD-9023]
[2026-04-18 19:50:00] 画像URL: https://res.cloudinary.com/dyfylaino/image/upload/f_auto,q_auto,w_600/v1774906568/obi-strip-collection/2022-07-785d0edb7d0a42f94a8157c04b484f58.jpg
[2026-04-18 19:50:00] --- ツイート内容 ---
OBI Strip Collection 🇯🇵

Artist: Jay-Z
Album: Kingdom Come
Cat#: UICD-9023

Drop your favorite track 👇
[2026-04-18 19:50:00] --- 文字数: 102 ---
[2026-04-18 19:50:00] 画像ダウンロード中: https://res.cloudinary.com/dyfylaino/image/upload/f_auto,q_auto,w_600/v1774906568/obi-strip-collection/2022-07-785d0edb7d0a42f94a8157c04b484f58.jpg
[2026-04-18 19:50:01] メディアアップロード完了: media_id=2045454798779191296
[2026-04-18 19:50:01] 投稿中...
[2026-04-18 19:50:02] 投稿完了: tweet_id=2045454800834424871
[2026-04-18 19:50:02] posted.json を更新しました（累計 7 件）
[2026-04-18 20:00:01] 選択: Dred Scott / Breakin' Combs [POCM-1078]
[2026-04-18 20:00:01] 画像URL: https://res.cloudinary.com/dyfylaino/image/upload/f_auto,q_auto,w_600/v1774905583/obi-strip-collection/2022-01-7966bae78213db11914ad7af893f8431-1.jpg
[2026-04-18 20:00:01] --- ツイート内容 ---
OBI Strip Collection 🇯🇵

Artist: Dred Scott
Album: Breakin' Combs
Cat#: POCM-1078

Drop your favorite track 👇
[2026-04-18 20:00:01] --- 文字数: 109 ---
[2026-04-18 20:00:01] 画像ダウンロード中: https://res.cloudinary.com/dyfylaino/image/upload/f_auto,q_auto,w_600/v1774905583/obi-strip-collection/2022-01-7966bae78213db11914ad7af893f8431-1.jpg
[2026-04-18 20:00:02] メディアアップロード完了: media_id=2045457317781749760
[2026-04-18 20:00:02] 投稿中...
[2026-04-18 20:00:02] 投稿完了: tweet_id=2045457320134779350
[2026-04-18 20:00:02] posted.json を更新しました（累計 8 件）
[2026-04-19 05:00:00] 選択: RUN D.M.C. / Crown Royal [BVCA-21079]
[2026-04-19 05:00:00] 画像URL: https://res.cloudinary.com/dyfylaino/image/upload/f_auto,q_auto,w_600/v1774906445/obi-strip-collection/2022-06-07ebc47a5124a13606af8bad4f120b89.jpg
[2026-04-19 05:00:00] --- ツイート内容 ---
OBI Strip Collection 🇯🇵

Artist: RUN D.M.C.
Album: Crown Royal
Cat#: BVCA-21079

Drop your favorite track 👇
[2026-04-19 05:00:00] --- 文字数: 107 ---
[2026-04-19 05:00:00] 画像ダウンロード中: https://res.cloudinary.com/dyfylaino/image/upload/f_auto,q_auto,w_600/v1774906445/obi-strip-collection/2022-06-07ebc47a5124a13606af8bad4f120b89.jpg
[2026-04-19 05:00:02] メディアアップロード完了: media_id=2045593215324360704
[2026-04-19 05:00:02] 投稿中...
[2026-04-19 05:00:03] 投稿完了: tweet_id=2045593217408913765
[2026-04-19 05:00:03] posted.json を更新しました（累計 9 件）
